<?xml version="1.0" encoding="UTF-8"?>
<coverage generated="1610385271733" clover="3.2.0">
  <project timestamp="1610385271733" name="All files">
    <metrics statements="27" coveredstatements="16" conditionals="2" coveredconditionals="1" methods="9" coveredmethods="5" elements="38" coveredelements="22" complexity="0" loc="27" ncloc="27" packages="1" files="1" classes="1"/>
    <file name="transactions-page.js" path="/Users/berachele/Desktop/web-homework/webapp/src/transactions/transactions-page.js">
      <metrics statements="27" coveredstatements="16" conditionals="2" coveredconditionals="1" methods="9" coveredmethods="5"/>
      <line num="10" count="1" type="stmt"/>
      <line num="15" count="1" type="stmt"/>
      <line num="24" count="6" type="stmt"/>
      <line num="25" count="6" type="stmt"/>
      <line num="28" count="6" type="stmt"/>
      <line num="29" count="1" type="stmt"/>
      <line num="30" count="1" type="stmt"/>
      <line num="33" count="6" type="stmt"/>
      <line num="35" count="0" type="stmt"/>
      <line num="37" count="0" type="stmt"/>
      <line num="38" count="0" type="stmt"/>
      <line num="41" count="0" type="stmt"/>
      <line num="42" count="0" type="stmt"/>
      <line num="43" count="0" type="stmt"/>
      <line num="46" count="6" type="stmt"/>
      <line num="47" count="1" type="stmt"/>
      <line num="48" count="1" type="stmt"/>
      <line num="49" count="1" type="stmt"/>
      <line num="52" count="6" type="stmt"/>
      <line num="53" count="0" type="stmt"/>
      <line num="54" count="0" type="stmt"/>
      <line num="55" count="0" type="stmt"/>
      <line num="56" count="0" type="stmt"/>
      <line num="59" count="6" type="stmt"/>
      <line num="70" count="12" type="stmt"/>
      <line num="73" count="0" type="stmt"/>
      <line num="74" count="1" type="stmt"/>
    </file>
  </project>
</coverage>
