{"/Users/berachele/Desktop/web-homework/webapp/src/transactions/transaction-form.js": {"path":"/Users/berachele/Desktop/web-homework/webapp/src/transactions/transaction-form.js","statementMap":{"0":{"start":{"line":5,"column":40},"end":{"line":5,"column":66}},"1":{"start":{"line":6,"column":4},"end":{"line":6,"column":32}},"2":{"start":{"line":8,"column":25},"end":{"line":13,"column":7}},"3":{"start":{"line":9,"column":8},"end":{"line":12,"column":10}},"4":{"start":{"line":15,"column":21},"end":{"line":22,"column":5}},"5":{"start":{"line":17,"column":8},"end":{"line":17,"column":30}},"6":{"start":{"line":19,"column":8},"end":{"line":19,"column":130}},"7":{"start":{"line":21,"column":8},"end":{"line":21,"column":46}},"8":{"start":{"line":24,"column":4},"end":{"line":76,"column":5}}},"fnMap":{"0":{"name":"Form","decl":{"start":{"line":4,"column":9},"end":{"line":4,"column":13}},"loc":{"start":{"line":4,"column":20},"end":{"line":77,"column":3}},"line":4},"1":{"name":"(anonymous_1)","decl":{"start":{"line":8,"column":25},"end":{"line":8,"column":26}},"loc":{"start":{"line":8,"column":34},"end":{"line":13,"column":7}},"line":8},"2":{"name":"(anonymous_2)","decl":{"start":{"line":15,"column":21},"end":{"line":15,"column":22}},"loc":{"start":{"line":15,"column":30},"end":{"line":22,"column":5}},"line":15}},"branchMap":{},"s":{"0":16,"1":16,"2":14,"3":5,"4":14,"5":2,"6":2,"7":2,"8":14},"f":{"0":16,"1":5,"2":2},"b":{},"_coverageSchema":"43e27e138ebf9cfc5966b082cf9a028302ed4184","hash":"5b0a9181d685aac7a839fb1675465cf9fb744d35"}
,"/Users/berachele/Desktop/web-homework/webapp/src/transactions/transactions-page.js": {"path":"/Users/berachele/Desktop/web-homework/webapp/src/transactions/transactions-page.js","statementMap":{"0":{"start":{"line":12,"column":26},"end":{"line":20,"column":1}},"1":{"start":{"line":23,"column":38},"end":{"line":23,"column":65}},"2":{"start":{"line":25,"column":39},"end":{"line":28,"column":3}},"3":{"start":{"line":26,"column":27},"end":{"line":26,"column":63}},"4":{"start":{"line":27,"column":4},"end":{"line":27,"column":54}},"5":{"start":{"line":30,"column":36},"end":{"line":41,"column":3}},"6":{"start":{"line":32,"column":27},"end":{"line":32,"column":77}},"7":{"start":{"line":34,"column":30},"end":{"line":36,"column":6}},"8":{"start":{"line":35,"column":6},"end":{"line":35,"column":34}},"9":{"start":{"line":38,"column":19},"end":{"line":38,"column":36}},"10":{"start":{"line":39,"column":4},"end":{"line":39,"column":50}},"11":{"start":{"line":40,"column":4},"end":{"line":40,"column":29}},"12":{"start":{"line":43,"column":28},"end":{"line":47,"column":3}},"13":{"start":{"line":44,"column":27},"end":{"line":44,"column":60}},"14":{"start":{"line":45,"column":4},"end":{"line":45,"column":44}},"15":{"start":{"line":46,"column":4},"end":{"line":46,"column":38}},"16":{"start":{"line":49,"column":23},"end":{"line":54,"column":3}},"17":{"start":{"line":50,"column":27},"end":{"line":50,"column":60}},"18":{"start":{"line":51,"column":19},"end":{"line":51,"column":36}},"19":{"start":{"line":52,"column":4},"end":{"line":52,"column":44}},"20":{"start":{"line":53,"column":4},"end":{"line":53,"column":29}},"21":{"start":{"line":56,"column":2},"end":{"line":95,"column":3}},"22":{"start":{"line":71,"column":10},"end":{"line":91,"column":16}},"23":{"start":{"line":74,"column":47},"end":{"line":74,"column":72}},"24":{"start":{"line":75,"column":51},"end":{"line":75,"column":81}}},"fnMap":{"0":{"name":"Transactions","decl":{"start":{"line":22,"column":16},"end":{"line":22,"column":28}},"loc":{"start":{"line":22,"column":63},"end":{"line":96,"column":1}},"line":22},"1":{"name":"(anonymous_1)","decl":{"start":{"line":25,"column":39},"end":{"line":25,"column":40}},"loc":{"start":{"line":25,"column":79},"end":{"line":28,"column":3}},"line":25},"2":{"name":"(anonymous_2)","decl":{"start":{"line":30,"column":36},"end":{"line":30,"column":37}},"loc":{"start":{"line":30,"column":76},"end":{"line":41,"column":3}},"line":30},"3":{"name":"(anonymous_3)","decl":{"start":{"line":34,"column":53},"end":{"line":34,"column":54}},"loc":{"start":{"line":34,"column":70},"end":{"line":36,"column":5}},"line":34},"4":{"name":"(anonymous_4)","decl":{"start":{"line":43,"column":28},"end":{"line":43,"column":29}},"loc":{"start":{"line":43,"column":45},"end":{"line":47,"column":3}},"line":43},"5":{"name":"(anonymous_5)","decl":{"start":{"line":49,"column":23},"end":{"line":49,"column":24}},"loc":{"start":{"line":49,"column":40},"end":{"line":54,"column":3}},"line":49},"6":{"name":"(anonymous_6)","decl":{"start":{"line":70,"column":27},"end":{"line":70,"column":28}},"loc":{"start":{"line":71,"column":10},"end":{"line":91,"column":16}},"line":71},"7":{"name":"(anonymous_7)","decl":{"start":{"line":74,"column":43},"end":{"line":74,"column":44}},"loc":{"start":{"line":74,"column":47},"end":{"line":74,"column":72}},"line":74},"8":{"name":"(anonymous_8)","decl":{"start":{"line":75,"column":47},"end":{"line":75,"column":48}},"loc":{"start":{"line":75,"column":51},"end":{"line":75,"column":81}},"line":75}},"branchMap":{"0":{"loc":{"start":{"line":78,"column":14},"end":{"line":89,"column":14}},"type":"binary-expr","locations":[{"start":{"line":78,"column":14},"end":{"line":78,"column":32}},{"start":{"line":79,"column":12},"end":{"line":89,"column":14}}],"line":78}},"s":{"0":1,"1":6,"2":6,"3":1,"4":1,"5":6,"6":1,"7":1,"8":1,"9":1,"10":1,"11":1,"12":6,"13":1,"14":1,"15":1,"16":6,"17":1,"18":1,"19":1,"20":1,"21":6,"22":12,"23":1,"24":1},"f":{"0":6,"1":1,"2":1,"3":1,"4":1,"5":1,"6":12,"7":1,"8":1},"b":{"0":[12,2]},"_coverageSchema":"43e27e138ebf9cfc5966b082cf9a028302ed4184","hash":"97a89e33518d86541fb4e20154ff26a0fb69f2fe"}
}
