{"/Users/berachele/Desktop/web-homework/webapp/src/sum.js": {"path":"/Users/berachele/Desktop/web-homework/webapp/src/sum.js","statementMap":{"0":{"start":{"line":2,"column":4},"end":{"line":2,"column":17}},"1":{"start":{"line":4,"column":2},"end":{"line":4,"column":23}}},"fnMap":{"0":{"name":"sum","decl":{"start":{"line":1,"column":9},"end":{"line":1,"column":12}},"loc":{"start":{"line":1,"column":19},"end":{"line":3,"column":3}},"line":1}},"branchMap":{},"s":{"0":1,"1":1},"f":{"0":1},"b":{},"_coverageSchema":"43e27e138ebf9cfc5966b082cf9a028302ed4184","hash":"9d59ea3a143fa992a70d871c87a95bb2a0c65c5c"}
,"/Users/berachele/Desktop/web-homework/webapp/src/transactions/index.js": {"path":"/Users/berachele/Desktop/web-homework/webapp/src/transactions/index.js","statementMap":{},"fnMap":{},"branchMap":{},"s":{},"f":{},"b":{},"_coverageSchema":"43e27e138ebf9cfc5966b082cf9a028302ed4184","hash":"d68c619b16b44f60fd22b61930fdf1fd123c40b1"}
,"/Users/berachele/Desktop/web-homework/webapp/src/transactions/transactions-page.js": {"path":"/Users/berachele/Desktop/web-homework/webapp/src/transactions/transactions-page.js","statementMap":{"0":{"start":{"line":4,"column":2},"end":{"line":8,"column":3}}},"fnMap":{"0":{"name":"Transactions","decl":{"start":{"line":3,"column":16},"end":{"line":3,"column":28}},"loc":{"start":{"line":3,"column":32},"end":{"line":9,"column":1}},"line":3}},"branchMap":{},"s":{"0":1},"f":{"0":1},"b":{},"_coverageSchema":"43e27e138ebf9cfc5966b082cf9a028302ed4184","hash":"d516d454e30abed0dad35643d550841ceb5f8e48"}
}
