TN:
SF:/Users/berachele/Desktop/web-homework/webapp/__tests__/useMockTransactions.js
FN:35,useMockTransactions
FNF:1
FNH:1
FNDA:11,useMockTransactions
DA:6,1
DA:25,1
DA:36,11
DA:37,11
DA:39,11
LF:5
LH:5
BRF:0
BRH:0
end_of_record
TN:
SF:/Users/berachele/Desktop/web-homework/webapp/src/transactions/transaction-form.js
FN:4,Form
FN:7,(anonymous_1)
FN:14,(anonymous_2)
FNF:3
FNH:3
FNDA:16,Form
FNDA:5,(anonymous_1)
FNDA:2,(anonymous_2)
DA:5,16
DA:7,16
DA:8,5
DA:14,16
DA:16,2
DA:18,2
DA:20,2
DA:24,16
LF:8
LH:8
BRF:0
BRH:0
end_of_record
