TN:
SF:/Users/berachele/Desktop/web-homework/webapp/src/transactions/transactions-page.js
FN:23,Transactions
FN:28,(anonymous_1)
FN:33,(anonymous_2)
FN:37,(anonymous_3)
FN:46,(anonymous_4)
FN:52,(anonymous_5)
FN:69,(anonymous_6)
FN:73,(anonymous_7)
FN:74,(anonymous_8)
FNF:9
FNH:5
FNDA:6,Transactions
FNDA:1,(anonymous_1)
FNDA:0,(anonymous_2)
FNDA:0,(anonymous_3)
FNDA:1,(anonymous_4)
FNDA:0,(anonymous_5)
FNDA:12,(anonymous_6)
FNDA:0,(anonymous_7)
FNDA:1,(anonymous_8)
DA:10,1
DA:15,1
DA:24,6
DA:25,6
DA:28,6
DA:29,1
DA:30,1
DA:33,6
DA:35,0
DA:37,0
DA:38,0
DA:41,0
DA:42,0
DA:43,0
DA:46,6
DA:47,1
DA:48,1
DA:49,1
DA:52,6
DA:53,0
DA:54,0
DA:55,0
DA:56,0
DA:59,6
DA:70,12
DA:73,0
DA:74,1
LF:27
LH:16
BRDA:77,0,0,12
BRDA:77,0,1,0
BRF:2
BRH:1
end_of_record
